<?xml version="1.0" encoding="UTF-8"?>
<!-- Generated by org.testng.reporters.JUnitReportReporter -->
<testsuite hostname="admins-Air" failures="0" tests="1" name="com.mlwallet.ios_scripts.MLWalletTransactionHistory" time="99.082" errors="0" timestamp="2023-08-09T14:48:02 IST" skipped="0">
  <testcase classname="com.mlwallet.ios_scripts.MLWalletTransactionHistory" name="transactionHistoryBillsPayTransactionDetailsValidation_TH_TC_13" time="99.082"/>
  <system-out/>
</testsuite> <!-- com.mlwallet.ios_scripts.MLWalletTransactionHistory -->
