<?xml version="1.0" encoding="UTF-8"?>
<!-- Generated by org.testng.reporters.JUnitReportReporter -->
<testsuite hostname="IGSs-MacBook-Pro-2.local" name="com.mlwallet.ios_scripts.MLWalletTroubleSingingIn" tests="9" failures="0" timestamp="7 Jun 2023 12:00:04 GMT" time="459.944" errors="0">
  <testcase name="troubleSigningInPageBackArrowBtnFunctionality_TS_TC_11" time="12.481" classname="com.mlwallet.ios_scripts.MLWalletTroubleSingingIn"/>
  <testcase name="troubleSigningInClearFormFunctionality_TS_TC_12" time="48.385" classname="com.mlwallet.ios_scripts.MLWalletTroubleSingingIn"/>
  <testcase name="troubleSigningInPageNavigationFromMpinScreen_TS_TC_01" time="62.466" classname="com.mlwallet.ios_scripts.MLWalletTroubleSingingIn"/>
  <testcase name="troubleSigningInEmptyRegisteredMobileNumberFunctionality_TS_TC_17" time="51.920" classname="com.mlwallet.ios_scripts.MLWalletTroubleSingingIn"/>
  <testcase name="troubleSigningInCancelButtonOnClearFormPopupFunctionality_TS_TC_14" time="83.410" classname="com.mlwallet.ios_scripts.MLWalletTroubleSingingIn"/>
  <testcase name="troubleSigningInEmptyFullNameFunctionality_TS_TC_15" time="57.047" classname="com.mlwallet.ios_scripts.MLWalletTroubleSingingIn"/>
  <testcase name="troubleSigningInPageNavigationFromLoginScreen_TS_TC_10" time="10.251" classname="com.mlwallet.ios_scripts.MLWalletTroubleSingingIn"/>
  <testcase name="troubleSigningInEmptyRegisteredEmailFunctionality_TS_TC_16" time="52.754" classname="com.mlwallet.ios_scripts.MLWalletTroubleSingingIn"/>
  <testcase name="troubleSigningInClearFormButtonOnClearFormPopupFunctionality_TS_TC_13" time="81.230" classname="com.mlwallet.ios_scripts.MLWalletTroubleSingingIn"/>
</testsuite> <!-- com.mlwallet.ios_scripts.MLWalletTroubleSingingIn -->
