<?xml version="1.0" encoding="UTF-8"?>
<!-- Generated by org.testng.reporters.JUnitReportReporter -->
<testsuite hostname="admins-MacBook-Air.local" failures="0" tests="6" name="com.mlwallet.ios_scripts.MLWalletHomeAndDashboard" time="306.995" errors="6" timestamp="2023-08-08T12:24:29 IST" skipped="0">
  <testcase classname="com.mlwallet.ios_scripts.MLWalletHomeAndDashboard" name="mlWalletVerificationTierPerksAsBuyerTierUser_HD_TC_18" time="86.987">
    <error message="An element could not be located on the page using the given search parameters.
For documentation on this error, please visit: https://www.seleniumhq.org/exceptions/no_such_element.html
Build info: version: &#039;3.141.59&#039;, revision: &#039;e82be7d358&#039;, time: &#039;2018-11-14T08:17:03&#039;
System info: host: &#039;admins-MacBook-Air.local&#039;, ip: &#039;2401:4900:33d2:ecd1:2428:c566:9cfb:7979%en0&#039;, os.name: &#039;Mac OS X&#039;, os.arch: &#039;x86_64&#039;, os.version: &#039;13.3&#039;, java.version: &#039;17.0.6&#039;
Driver info: io.appium.java_client.ios.IOSDriver
Capabilities {automationName: XCUITest, browserName: , bundleId: com.mlhuillier.mlwallet, commandTimeouts: 300, databaseEnabled: false, deviceName: iOS, javascriptEnabled: true, locationContextEnabled: false, networkConnectionEnabled: false, newCommandTimeout: 300, noReset: false, platform: MAC, platformName: iOS, takesScreenshot: true, udid: 00008120-000668E63AC0C01E, webStorageEnabled: false}
Session ID: 68e3b48b-ecc8-4b57-a8c3-9c7a491d6e72
*** Element info: {Using=xpath, value=//*[@label=&#039;Fully Verified&#039;]}" type="org.openqa.selenium.NoSuchElementException">
      <![CDATA[org.openqa.selenium.NoSuchElementException: An element could not be located on the page using the given search parameters.
For documentation on this error, please visit: https://www.seleniumhq.org/exceptions/no_such_element.html
Build info: version: '3.141.59', revision: 'e82be7d358', time: '2018-11-14T08:17:03'
System info: host: 'admins-MacBook-Air.local', ip: '2401:4900:33d2:ecd1:2428:c566:9cfb:7979%en0', os.name: 'Mac OS X', os.arch: 'x86_64', os.version: '13.3', java.version: '17.0.6'
Driver info: io.appium.java_client.ios.IOSDriver
Capabilities {automationName: XCUITest, browserName: , bundleId: com.mlhuillier.mlwallet, commandTimeouts: 300, databaseEnabled: false, deviceName: iOS, javascriptEnabled: true, locationContextEnabled: false, networkConnectionEnabled: false, newCommandTimeout: 300, noReset: false, platform: MAC, platformName: iOS, takesScreenshot: true, udid: 00008120-000668E63AC0C01E, webStorageEnabled: false}
Session ID: 68e3b48b-ecc8-4b57-a8c3-9c7a491d6e72
*** Element info: {Using=xpath, value=//*[@label='Fully Verified']}
at java.base/jdk.internal.reflect.NativeConstructorAccessorImpl.newInstance0(Native Method)
at java.base/jdk.internal.reflect.NativeConstructorAccessorImpl.newInstance(NativeConstructorAccessorImpl.java:77)
at java.base/jdk.internal.reflect.DelegatingConstructorAccessorImpl.newInstance(DelegatingConstructorAccessorImpl.java:45)
at java.base/java.lang.reflect.Constructor.newInstanceWithCaller(Constructor.java:499)
at java.base/java.lang.reflect.Constructor.newInstance(Constructor.java:480)
at org.openqa.selenium.remote.http.W3CHttpResponseCodec.createException(W3CHttpResponseCodec.java:187)
at org.openqa.selenium.remote.http.W3CHttpResponseCodec.decode(W3CHttpResponseCodec.java:122)
at org.openqa.selenium.remote.http.W3CHttpResponseCodec.decode(W3CHttpResponseCodec.java:49)
at org.openqa.selenium.remote.HttpCommandExecutor.execute(HttpCommandExecutor.java:158)
at io.appium.java_client.remote.AppiumCommandExecutor.execute(AppiumCommandExecutor.java:239)
at org.openqa.selenium.remote.RemoteWebDriver.execute(RemoteWebDriver.java:552)
at io.appium.java_client.DefaultGenericMobileDriver.execute(DefaultGenericMobileDriver.java:41)
at io.appium.java_client.AppiumDriver.execute(AppiumDriver.java:1)
at io.appium.java_client.ios.IOSDriver.execute(IOSDriver.java:1)
at org.openqa.selenium.remote.RemoteWebDriver.findElement(RemoteWebDriver.java:323)
at io.appium.java_client.DefaultGenericMobileDriver.findElement(DefaultGenericMobileDriver.java:61)
at io.appium.java_client.AppiumDriver.findElement(AppiumDriver.java:1)
at io.appium.java_client.ios.IOSDriver.findElement(IOSDriver.java:1)
at org.openqa.selenium.remote.RemoteWebDriver.findElementByXPath(RemoteWebDriver.java:428)
at io.appium.java_client.DefaultGenericMobileDriver.findElementByXPath(DefaultGenericMobileDriver.java:151)
at io.appium.java_client.AppiumDriver.findElementByXPath(AppiumDriver.java:1)
at io.appium.java_client.ios.IOSDriver.findElementByXPath(IOSDriver.java:1)
at org.openqa.selenium.By$ByXPath.findElement(By.java:353)
at org.openqa.selenium.remote.RemoteWebDriver.findElement(RemoteWebDriver.java:315)
at io.appium.java_client.DefaultGenericMobileDriver.findElement(DefaultGenericMobileDriver.java:57)
at io.appium.java_client.AppiumDriver.findElement(AppiumDriver.java:1)
at io.appium.java_client.ios.IOSDriver.findElement(IOSDriver.java:1)
at com.utility.Utilities.getTextVal(Utilities.java:3441)
at com.business.mlwallet.MLWalletiOSBusinessLogic.mlWalletVerificationTierPerksAsBuyerTierUser_HD_TC_18(MLWalletiOSBusinessLogic.java:6877)
at com.mlwallet.ios_scripts.MLWalletHomeAndDashboard.mlWalletVerificationTierPerksAsBuyerTierUser_HD_TC_18(MLWalletHomeAndDashboard.java:110)
at java.base/jdk.internal.reflect.NativeMethodAccessorImpl.invoke0(Native Method)
at java.base/jdk.internal.reflect.NativeMethodAccessorImpl.invoke(NativeMethodAccessorImpl.java:77)
at java.base/jdk.internal.reflect.DelegatingMethodAccessorImpl.invoke(DelegatingMethodAccessorImpl.java:43)
at java.base/java.lang.reflect.Method.invoke(Method.java:568)
at org.testng.internal.invokers.MethodInvocationHelper.invokeMethod(MethodInvocationHelper.java:139)
at org.testng.internal.invokers.TestInvoker.invokeMethod(TestInvoker.java:677)
at org.testng.internal.invokers.TestInvoker.invokeTestMethod(TestInvoker.java:221)
at org.testng.internal.invokers.MethodRunner.runInSequence(MethodRunner.java:50)
at org.testng.internal.invokers.TestInvoker$MethodInvocationAgent.invoke(TestInvoker.java:969)
at org.testng.internal.invokers.TestInvoker.invokeTestMethods(TestInvoker.java:194)
at org.testng.internal.invokers.TestMethodWorker.invokeTestMethods(TestMethodWorker.java:148)
at org.testng.internal.invokers.TestMethodWorker.run(TestMethodWorker.java:128)
at java.base/java.util.ArrayList.forEach(ArrayList.java:1511)
at org.testng.TestRunner.privateRun(TestRunner.java:829)
at org.testng.TestRunner.run(TestRunner.java:602)
at org.testng.SuiteRunner.runTest(SuiteRunner.java:437)
at org.testng.SuiteRunner.runSequentially(SuiteRunner.java:431)
at org.testng.SuiteRunner.privateRun(SuiteRunner.java:391)
at org.testng.SuiteRunner.run(SuiteRunner.java:330)
at org.testng.SuiteRunnerWorker.runSuite(SuiteRunnerWorker.java:52)
at org.testng.SuiteRunnerWorker.run(SuiteRunnerWorker.java:95)
at org.testng.TestNG.runSuitesSequentially(TestNG.java:1256)
at org.testng.TestNG.runSuitesLocally(TestNG.java:1176)
at org.testng.TestNG.runSuites(TestNG.java:1099)
at org.testng.TestNG.run(TestNG.java:1067)
at org.testng.remote.AbstractRemoteTestNG.run(AbstractRemoteTestNG.java:115)
at org.testng.remote.RemoteTestNG.initAndRun(RemoteTestNG.java:251)
at org.testng.remote.RemoteTestNG.main(RemoteTestNG.java:77)
]]>
    </error>
  </testcase> <!-- mlWalletVerificationTierPerksAsBuyerTierUser_HD_TC_18 -->
  <system-out/>
  <testcase classname="com.mlwallet.ios_scripts.MLWalletHomeAndDashboard" name="mlWalletHamburgerMenuTransactionBtnValidation_HD_TC_19" time="37.382">
    <error message="Expected condition failed: waiting for presence of element located by: By.xpath: //*[@name=&#039;Withdraw Cash Top Up ML Wallet&#039;]/child::XCUIElementTypeOther/descendant::XCUIElementTypeButton[@name=&#039;Withdraw Cash&#039;] (tried for 5 second(s) with 500 milliseconds interval)" type="org.openqa.selenium.TimeoutException">
      <![CDATA[org.openqa.selenium.TimeoutException: Expected condition failed: waiting for presence of element located by: By.xpath: //*[@name='Withdraw Cash Top Up ML Wallet']/child::XCUIElementTypeOther/descendant::XCUIElementTypeButton[@name='Withdraw Cash'] (tried for 5 second(s) with 500 milliseconds interval)
at org.openqa.selenium.support.ui.WebDriverWait.timeoutException(WebDriverWait.java:95)
at org.openqa.selenium.support.ui.FluentWait.until(FluentWait.java:272)
at com.utility.Utilities.findElement(Utilities.java:164)
at com.utility.Utilities.explicitWaitVisibility(Utilities.java:1637)
at com.business.mlwallet.MLWalletiOSBusinessLogic.mlWalletHamburgerMenuTransactionBtnValidation_HD_TC_19(MLWalletiOSBusinessLogic.java:6904)
at com.mlwallet.ios_scripts.MLWalletHomeAndDashboard.mlWalletHamburgerMenuTransactionBtnValidation_HD_TC_19(MLWalletHomeAndDashboard.java:115)
at java.base/jdk.internal.reflect.NativeMethodAccessorImpl.invoke0(Native Method)
at java.base/jdk.internal.reflect.NativeMethodAccessorImpl.invoke(NativeMethodAccessorImpl.java:77)
at java.base/jdk.internal.reflect.DelegatingMethodAccessorImpl.invoke(DelegatingMethodAccessorImpl.java:43)
at java.base/java.lang.reflect.Method.invoke(Method.java:568)
at org.testng.internal.invokers.MethodInvocationHelper.invokeMethod(MethodInvocationHelper.java:139)
at org.testng.internal.invokers.TestInvoker.invokeMethod(TestInvoker.java:677)
at org.testng.internal.invokers.TestInvoker.invokeTestMethod(TestInvoker.java:221)
at org.testng.internal.invokers.MethodRunner.runInSequence(MethodRunner.java:50)
at org.testng.internal.invokers.TestInvoker$MethodInvocationAgent.invoke(TestInvoker.java:969)
at org.testng.internal.invokers.TestInvoker.invokeTestMethods(TestInvoker.java:194)
at org.testng.internal.invokers.TestMethodWorker.invokeTestMethods(TestMethodWorker.java:148)
at org.testng.internal.invokers.TestMethodWorker.run(TestMethodWorker.java:128)
at java.base/java.util.ArrayList.forEach(ArrayList.java:1511)
at org.testng.TestRunner.privateRun(TestRunner.java:829)
at org.testng.TestRunner.run(TestRunner.java:602)
at org.testng.SuiteRunner.runTest(SuiteRunner.java:437)
at org.testng.SuiteRunner.runSequentially(SuiteRunner.java:431)
at org.testng.SuiteRunner.privateRun(SuiteRunner.java:391)
at org.testng.SuiteRunner.run(SuiteRunner.java:330)
at org.testng.SuiteRunnerWorker.runSuite(SuiteRunnerWorker.java:52)
at org.testng.SuiteRunnerWorker.run(SuiteRunnerWorker.java:95)
at org.testng.TestNG.runSuitesSequentially(TestNG.java:1256)
at org.testng.TestNG.runSuitesLocally(TestNG.java:1176)
at org.testng.TestNG.runSuites(TestNG.java:1099)
at org.testng.TestNG.run(TestNG.java:1067)
at org.testng.remote.AbstractRemoteTestNG.run(AbstractRemoteTestNG.java:115)
at org.testng.remote.RemoteTestNG.initAndRun(RemoteTestNG.java:251)
at org.testng.remote.RemoteTestNG.main(RemoteTestNG.java:77)
Caused by: org.openqa.selenium.NoSuchElementException: An element could not be located on the page using the given search parameters.
For documentation on this error, please visit: https://www.seleniumhq.org/exceptions/no_such_element.html
Build info: version: '3.141.59', revision: 'e82be7d358', time: '2018-11-14T08:17:03'
System info: host: 'admins-MacBook-Air.local', ip: '2401:4900:33d2:ecd1:2428:c566:9cfb:7979%en0', os.name: 'Mac OS X', os.arch: 'x86_64', os.version: '13.3', java.version: '17.0.6'
Driver info: io.appium.java_client.ios.IOSDriver
Capabilities {automationName: XCUITest, browserName: , bundleId: com.mlhuillier.mlwallet, commandTimeouts: 300, databaseEnabled: false, deviceName: iOS, javascriptEnabled: true, locationContextEnabled: false, networkConnectionEnabled: false, newCommandTimeout: 300, noReset: false, platform: MAC, platformName: iOS, takesScreenshot: true, udid: 00008120-000668E63AC0C01E, webStorageEnabled: false}
Session ID: 68e3b48b-ecc8-4b57-a8c3-9c7a491d6e72
*** Element info: {Using=xpath, value=//*[@name='Withdraw Cash Top Up ML Wallet']/child::XCUIElementTypeOther/descendant::XCUIElementTypeButton[@name='Withdraw Cash']}
at jdk.internal.reflect.GeneratedConstructorAccessor20.newInstance(Unknown Source)
at java.base/jdk.internal.reflect.DelegatingConstructorAccessorImpl.newInstance(DelegatingConstructorAccessorImpl.java:45)
at java.base/java.lang.reflect.Constructor.newInstanceWithCaller(Constructor.java:499)
at java.base/java.lang.reflect.Constructor.newInstance(Constructor.java:480)
at org.openqa.selenium.remote.http.W3CHttpResponseCodec.createException(W3CHttpResponseCodec.java:187)
at org.openqa.selenium.remote.http.W3CHttpResponseCodec.decode(W3CHttpResponseCodec.java:122)
at org.openqa.selenium.remote.http.W3CHttpResponseCodec.decode(W3CHttpResponseCodec.java:49)
at org.openqa.selenium.remote.HttpCommandExecutor.execute(HttpCommandExecutor.java:158)
at io.appium.java_client.remote.AppiumCommandExecutor.execute(AppiumCommandExecutor.java:239)
at org.openqa.selenium.remote.RemoteWebDriver.execute(RemoteWebDriver.java:552)
at io.appium.java_client.DefaultGenericMobileDriver.execute(DefaultGenericMobileDriver.java:41)
at io.appium.java_client.AppiumDriver.execute(AppiumDriver.java:1)
at io.appium.java_client.ios.IOSDriver.execute(IOSDriver.java:1)
at org.openqa.selenium.remote.RemoteWebDriver.findElement(RemoteWebDriver.java:323)
at io.appium.java_client.DefaultGenericMobileDriver.findElement(DefaultGenericMobileDriver.java:61)
at io.appium.java_client.AppiumDriver.findElement(AppiumDriver.java:1)
at io.appium.java_client.ios.IOSDriver.findElement(IOSDriver.java:1)
at org.openqa.selenium.remote.RemoteWebDriver.findElementByXPath(RemoteWebDriver.java:428)
at io.appium.java_client.DefaultGenericMobileDriver.findElementByXPath(DefaultGenericMobileDriver.java:151)
at io.appium.java_client.AppiumDriver.findElementByXPath(AppiumDriver.java:1)
at io.appium.java_client.ios.IOSDriver.findElementByXPath(IOSDriver.java:1)
at org.openqa.selenium.By$ByXPath.findElement(By.java:353)
at org.openqa.selenium.remote.RemoteWebDriver.findElement(RemoteWebDriver.java:315)
at io.appium.java_client.DefaultGenericMobileDriver.findElement(DefaultGenericMobileDriver.java:57)
at io.appium.java_client.AppiumDriver.findElement(AppiumDriver.java:1)
at io.appium.java_client.ios.IOSDriver.findElement(IOSDriver.java:1)
at org.openqa.selenium.support.ui.ExpectedConditions$6.apply(ExpectedConditions.java:182)
at org.openqa.selenium.support.ui.ExpectedConditions$6.apply(ExpectedConditions.java:179)
at org.openqa.selenium.support.ui.FluentWait.until(FluentWait.java:249)
... 32 more
]]>
    </error>
  </testcase> <!-- mlWalletHamburgerMenuTransactionBtnValidation_HD_TC_19 -->
  <system-out/>
  <testcase classname="com.mlwallet.ios_scripts.MLWalletHomeAndDashboard" name="mlWalletHomePageIIconValidationAsBranchVerifiedUser_HD_TC_20" time="44.949">
    <error message="An element could not be located on the page using the given search parameters.
For documentation on this error, please visit: https://www.seleniumhq.org/exceptions/no_such_element.html
Build info: version: &#039;3.141.59&#039;, revision: &#039;e82be7d358&#039;, time: &#039;2018-11-14T08:17:03&#039;
System info: host: &#039;admins-MacBook-Air.local&#039;, ip: &#039;2401:4900:33d2:ecd1:2428:c566:9cfb:7979%en0&#039;, os.name: &#039;Mac OS X&#039;, os.arch: &#039;x86_64&#039;, os.version: &#039;13.3&#039;, java.version: &#039;17.0.6&#039;
Driver info: io.appium.java_client.ios.IOSDriver
Capabilities {automationName: XCUITest, browserName: , bundleId: com.mlhuillier.mlwallet, commandTimeouts: 300, databaseEnabled: false, deviceName: iOS, javascriptEnabled: true, locationContextEnabled: false, networkConnectionEnabled: false, newCommandTimeout: 300, noReset: false, platform: MAC, platformName: iOS, takesScreenshot: true, udid: 00008120-000668E63AC0C01E, webStorageEnabled: false}
Session ID: 68e3b48b-ecc8-4b57-a8c3-9c7a491d6e72
*** Element info: {Using=xpath, value=//*[@name=&#039;1&#039;]}" type="org.openqa.selenium.NoSuchElementException">
      <![CDATA[org.openqa.selenium.NoSuchElementException: An element could not be located on the page using the given search parameters.
For documentation on this error, please visit: https://www.seleniumhq.org/exceptions/no_such_element.html
Build info: version: '3.141.59', revision: 'e82be7d358', time: '2018-11-14T08:17:03'
System info: host: 'admins-MacBook-Air.local', ip: '2401:4900:33d2:ecd1:2428:c566:9cfb:7979%en0', os.name: 'Mac OS X', os.arch: 'x86_64', os.version: '13.3', java.version: '17.0.6'
Driver info: io.appium.java_client.ios.IOSDriver
Capabilities {automationName: XCUITest, browserName: , bundleId: com.mlhuillier.mlwallet, commandTimeouts: 300, databaseEnabled: false, deviceName: iOS, javascriptEnabled: true, locationContextEnabled: false, networkConnectionEnabled: false, newCommandTimeout: 300, noReset: false, platform: MAC, platformName: iOS, takesScreenshot: true, udid: 00008120-000668E63AC0C01E, webStorageEnabled: false}
Session ID: 68e3b48b-ecc8-4b57-a8c3-9c7a491d6e72
*** Element info: {Using=xpath, value=//*[@name='1']}
at jdk.internal.reflect.GeneratedConstructorAccessor20.newInstance(Unknown Source)
at java.base/jdk.internal.reflect.DelegatingConstructorAccessorImpl.newInstance(DelegatingConstructorAccessorImpl.java:45)
at java.base/java.lang.reflect.Constructor.newInstanceWithCaller(Constructor.java:499)
at java.base/java.lang.reflect.Constructor.newInstance(Constructor.java:480)
at org.openqa.selenium.remote.http.W3CHttpResponseCodec.createException(W3CHttpResponseCodec.java:187)
at org.openqa.selenium.remote.http.W3CHttpResponseCodec.decode(W3CHttpResponseCodec.java:122)
at org.openqa.selenium.remote.http.W3CHttpResponseCodec.decode(W3CHttpResponseCodec.java:49)
at org.openqa.selenium.remote.HttpCommandExecutor.execute(HttpCommandExecutor.java:158)
at io.appium.java_client.remote.AppiumCommandExecutor.execute(AppiumCommandExecutor.java:239)
at org.openqa.selenium.remote.RemoteWebDriver.execute(RemoteWebDriver.java:552)
at io.appium.java_client.DefaultGenericMobileDriver.execute(DefaultGenericMobileDriver.java:41)
at io.appium.java_client.AppiumDriver.execute(AppiumDriver.java:1)
at io.appium.java_client.ios.IOSDriver.execute(IOSDriver.java:1)
at org.openqa.selenium.remote.RemoteWebDriver.findElement(RemoteWebDriver.java:323)
at io.appium.java_client.DefaultGenericMobileDriver.findElement(DefaultGenericMobileDriver.java:61)
at io.appium.java_client.AppiumDriver.findElement(AppiumDriver.java:1)
at io.appium.java_client.ios.IOSDriver.findElement(IOSDriver.java:1)
at org.openqa.selenium.remote.RemoteWebDriver.findElementByXPath(RemoteWebDriver.java:428)
at io.appium.java_client.DefaultGenericMobileDriver.findElementByXPath(DefaultGenericMobileDriver.java:151)
at io.appium.java_client.AppiumDriver.findElementByXPath(AppiumDriver.java:1)
at io.appium.java_client.ios.IOSDriver.findElementByXPath(IOSDriver.java:1)
at org.openqa.selenium.By$ByXPath.findElement(By.java:353)
at org.openqa.selenium.remote.RemoteWebDriver.findElement(RemoteWebDriver.java:315)
at io.appium.java_client.DefaultGenericMobileDriver.findElement(DefaultGenericMobileDriver.java:57)
at io.appium.java_client.AppiumDriver.findElement(AppiumDriver.java:1)
at io.appium.java_client.ios.IOSDriver.findElement(IOSDriver.java:1)
at com.utility.Utilities.getTextVal(Utilities.java:3441)
at com.business.mlwallet.MLWalletiOSBusinessLogic.handleMpin(MLWalletiOSBusinessLogic.java:10577)
at com.business.mlwallet.MLWalletiOSBusinessLogic.enterOTP(MLWalletiOSBusinessLogic.java:235)
at com.business.mlwallet.MLWalletiOSBusinessLogic.mlWalletLogin(MLWalletiOSBusinessLogic.java:262)
at com.business.mlwallet.MLWalletiOSBusinessLogic.mlWalletHomePageIIconValidationAsBranchVerifiedTierUser_HD_TC_20(MLWalletiOSBusinessLogic.java:6925)
at com.mlwallet.ios_scripts.MLWalletHomeAndDashboard.mlWalletHomePageIIconValidationAsBranchVerifiedUser_HD_TC_20(MLWalletHomeAndDashboard.java:120)
at java.base/jdk.internal.reflect.NativeMethodAccessorImpl.invoke0(Native Method)
at java.base/jdk.internal.reflect.NativeMethodAccessorImpl.invoke(NativeMethodAccessorImpl.java:77)
at java.base/jdk.internal.reflect.DelegatingMethodAccessorImpl.invoke(DelegatingMethodAccessorImpl.java:43)
at java.base/java.lang.reflect.Method.invoke(Method.java:568)
at org.testng.internal.invokers.MethodInvocationHelper.invokeMethod(MethodInvocationHelper.java:139)
at org.testng.internal.invokers.TestInvoker.invokeMethod(TestInvoker.java:677)
at org.testng.internal.invokers.TestInvoker.invokeTestMethod(TestInvoker.java:221)
at org.testng.internal.invokers.MethodRunner.runInSequence(MethodRunner.java:50)
at org.testng.internal.invokers.TestInvoker$MethodInvocationAgent.invoke(TestInvoker.java:969)
at org.testng.internal.invokers.TestInvoker.invokeTestMethods(TestInvoker.java:194)
at org.testng.internal.invokers.TestMethodWorker.invokeTestMethods(TestMethodWorker.java:148)
at org.testng.internal.invokers.TestMethodWorker.run(TestMethodWorker.java:128)
at java.base/java.util.ArrayList.forEach(ArrayList.java:1511)
at org.testng.TestRunner.privateRun(TestRunner.java:829)
at org.testng.TestRunner.run(TestRunner.java:602)
at org.testng.SuiteRunner.runTest(SuiteRunner.java:437)
at org.testng.SuiteRunner.runSequentially(SuiteRunner.java:431)
at org.testng.SuiteRunner.privateRun(SuiteRunner.java:391)
at org.testng.SuiteRunner.run(SuiteRunner.java:330)
at org.testng.SuiteRunnerWorker.runSuite(SuiteRunnerWorker.java:52)
at org.testng.SuiteRunnerWorker.run(SuiteRunnerWorker.java:95)
at org.testng.TestNG.runSuitesSequentially(TestNG.java:1256)
at org.testng.TestNG.runSuitesLocally(TestNG.java:1176)
at org.testng.TestNG.runSuites(TestNG.java:1099)
at org.testng.TestNG.run(TestNG.java:1067)
at org.testng.remote.AbstractRemoteTestNG.run(AbstractRemoteTestNG.java:115)
at org.testng.remote.RemoteTestNG.initAndRun(RemoteTestNG.java:251)
at org.testng.remote.RemoteTestNG.main(RemoteTestNG.java:77)
]]>
    </error>
  </testcase> <!-- mlWalletHomePageIIconValidationAsBranchVerifiedUser_HD_TC_20 -->
  <system-out/>
  <testcase classname="com.mlwallet.ios_scripts.MLWalletHomeAndDashboard" name="mlWalletHomePageIIconValidationAsBuyerTierVerifiedUser_HD_TC_21" time="45.483">
    <error message="An element could not be located on the page using the given search parameters.
For documentation on this error, please visit: https://www.seleniumhq.org/exceptions/no_such_element.html
Build info: version: &#039;3.141.59&#039;, revision: &#039;e82be7d358&#039;, time: &#039;2018-11-14T08:17:03&#039;
System info: host: &#039;admins-MacBook-Air.local&#039;, ip: &#039;2401:4900:33d2:ecd1:2428:c566:9cfb:7979%en0&#039;, os.name: &#039;Mac OS X&#039;, os.arch: &#039;x86_64&#039;, os.version: &#039;13.3&#039;, java.version: &#039;17.0.6&#039;
Driver info: io.appium.java_client.ios.IOSDriver
Capabilities {automationName: XCUITest, browserName: , bundleId: com.mlhuillier.mlwallet, commandTimeouts: 300, databaseEnabled: false, deviceName: iOS, javascriptEnabled: true, locationContextEnabled: false, networkConnectionEnabled: false, newCommandTimeout: 300, noReset: false, platform: MAC, platformName: iOS, takesScreenshot: true, udid: 00008120-000668E63AC0C01E, webStorageEnabled: false}
Session ID: 68e3b48b-ecc8-4b57-a8c3-9c7a491d6e72
*** Element info: {Using=xpath, value=//*[@name=&#039;1&#039;]}" type="org.openqa.selenium.NoSuchElementException">
      <![CDATA[org.openqa.selenium.NoSuchElementException: An element could not be located on the page using the given search parameters.
For documentation on this error, please visit: https://www.seleniumhq.org/exceptions/no_such_element.html
Build info: version: '3.141.59', revision: 'e82be7d358', time: '2018-11-14T08:17:03'
System info: host: 'admins-MacBook-Air.local', ip: '2401:4900:33d2:ecd1:2428:c566:9cfb:7979%en0', os.name: 'Mac OS X', os.arch: 'x86_64', os.version: '13.3', java.version: '17.0.6'
Driver info: io.appium.java_client.ios.IOSDriver
Capabilities {automationName: XCUITest, browserName: , bundleId: com.mlhuillier.mlwallet, commandTimeouts: 300, databaseEnabled: false, deviceName: iOS, javascriptEnabled: true, locationContextEnabled: false, networkConnectionEnabled: false, newCommandTimeout: 300, noReset: false, platform: MAC, platformName: iOS, takesScreenshot: true, udid: 00008120-000668E63AC0C01E, webStorageEnabled: false}
Session ID: 68e3b48b-ecc8-4b57-a8c3-9c7a491d6e72
*** Element info: {Using=xpath, value=//*[@name='1']}
at jdk.internal.reflect.GeneratedConstructorAccessor20.newInstance(Unknown Source)
at java.base/jdk.internal.reflect.DelegatingConstructorAccessorImpl.newInstance(DelegatingConstructorAccessorImpl.java:45)
at java.base/java.lang.reflect.Constructor.newInstanceWithCaller(Constructor.java:499)
at java.base/java.lang.reflect.Constructor.newInstance(Constructor.java:480)
at org.openqa.selenium.remote.http.W3CHttpResponseCodec.createException(W3CHttpResponseCodec.java:187)
at org.openqa.selenium.remote.http.W3CHttpResponseCodec.decode(W3CHttpResponseCodec.java:122)
at org.openqa.selenium.remote.http.W3CHttpResponseCodec.decode(W3CHttpResponseCodec.java:49)
at org.openqa.selenium.remote.HttpCommandExecutor.execute(HttpCommandExecutor.java:158)
at io.appium.java_client.remote.AppiumCommandExecutor.execute(AppiumCommandExecutor.java:239)
at org.openqa.selenium.remote.RemoteWebDriver.execute(RemoteWebDriver.java:552)
at io.appium.java_client.DefaultGenericMobileDriver.execute(DefaultGenericMobileDriver.java:41)
at io.appium.java_client.AppiumDriver.execute(AppiumDriver.java:1)
at io.appium.java_client.ios.IOSDriver.execute(IOSDriver.java:1)
at org.openqa.selenium.remote.RemoteWebDriver.findElement(RemoteWebDriver.java:323)
at io.appium.java_client.DefaultGenericMobileDriver.findElement(DefaultGenericMobileDriver.java:61)
at io.appium.java_client.AppiumDriver.findElement(AppiumDriver.java:1)
at io.appium.java_client.ios.IOSDriver.findElement(IOSDriver.java:1)
at org.openqa.selenium.remote.RemoteWebDriver.findElementByXPath(RemoteWebDriver.java:428)
at io.appium.java_client.DefaultGenericMobileDriver.findElementByXPath(DefaultGenericMobileDriver.java:151)
at io.appium.java_client.AppiumDriver.findElementByXPath(AppiumDriver.java:1)
at io.appium.java_client.ios.IOSDriver.findElementByXPath(IOSDriver.java:1)
at org.openqa.selenium.By$ByXPath.findElement(By.java:353)
at org.openqa.selenium.remote.RemoteWebDriver.findElement(RemoteWebDriver.java:315)
at io.appium.java_client.DefaultGenericMobileDriver.findElement(DefaultGenericMobileDriver.java:57)
at io.appium.java_client.AppiumDriver.findElement(AppiumDriver.java:1)
at io.appium.java_client.ios.IOSDriver.findElement(IOSDriver.java:1)
at com.utility.Utilities.getTextVal(Utilities.java:3441)
at com.business.mlwallet.MLWalletiOSBusinessLogic.handleMpin(MLWalletiOSBusinessLogic.java:10577)
at com.business.mlwallet.MLWalletiOSBusinessLogic.enterOTP(MLWalletiOSBusinessLogic.java:235)
at com.business.mlwallet.MLWalletiOSBusinessLogic.mlWalletLogin(MLWalletiOSBusinessLogic.java:262)
at com.business.mlwallet.MLWalletiOSBusinessLogic.mlWalletHomePageIIconValidationAsBuyerTierUser_HD_TC_21(MLWalletiOSBusinessLogic.java:6944)
at com.mlwallet.ios_scripts.MLWalletHomeAndDashboard.mlWalletHomePageIIconValidationAsBuyerTierVerifiedUser_HD_TC_21(MLWalletHomeAndDashboard.java:125)
at java.base/jdk.internal.reflect.NativeMethodAccessorImpl.invoke0(Native Method)
at java.base/jdk.internal.reflect.NativeMethodAccessorImpl.invoke(NativeMethodAccessorImpl.java:77)
at java.base/jdk.internal.reflect.DelegatingMethodAccessorImpl.invoke(DelegatingMethodAccessorImpl.java:43)
at java.base/java.lang.reflect.Method.invoke(Method.java:568)
at org.testng.internal.invokers.MethodInvocationHelper.invokeMethod(MethodInvocationHelper.java:139)
at org.testng.internal.invokers.TestInvoker.invokeMethod(TestInvoker.java:677)
at org.testng.internal.invokers.TestInvoker.invokeTestMethod(TestInvoker.java:221)
at org.testng.internal.invokers.MethodRunner.runInSequence(MethodRunner.java:50)
at org.testng.internal.invokers.TestInvoker$MethodInvocationAgent.invoke(TestInvoker.java:969)
at org.testng.internal.invokers.TestInvoker.invokeTestMethods(TestInvoker.java:194)
at org.testng.internal.invokers.TestMethodWorker.invokeTestMethods(TestMethodWorker.java:148)
at org.testng.internal.invokers.TestMethodWorker.run(TestMethodWorker.java:128)
at java.base/java.util.ArrayList.forEach(ArrayList.java:1511)
at org.testng.TestRunner.privateRun(TestRunner.java:829)
at org.testng.TestRunner.run(TestRunner.java:602)
at org.testng.SuiteRunner.runTest(SuiteRunner.java:437)
at org.testng.SuiteRunner.runSequentially(SuiteRunner.java:431)
at org.testng.SuiteRunner.privateRun(SuiteRunner.java:391)
at org.testng.SuiteRunner.run(SuiteRunner.java:330)
at org.testng.SuiteRunnerWorker.runSuite(SuiteRunnerWorker.java:52)
at org.testng.SuiteRunnerWorker.run(SuiteRunnerWorker.java:95)
at org.testng.TestNG.runSuitesSequentially(TestNG.java:1256)
at org.testng.TestNG.runSuitesLocally(TestNG.java:1176)
at org.testng.TestNG.runSuites(TestNG.java:1099)
at org.testng.TestNG.run(TestNG.java:1067)
at org.testng.remote.AbstractRemoteTestNG.run(AbstractRemoteTestNG.java:115)
at org.testng.remote.RemoteTestNG.initAndRun(RemoteTestNG.java:251)
at org.testng.remote.RemoteTestNG.main(RemoteTestNG.java:77)
]]>
    </error>
  </testcase> <!-- mlWalletHomePageIIconValidationAsBuyerTierVerifiedUser_HD_TC_21 -->
  <system-out/>
  <testcase classname="com.mlwallet.ios_scripts.MLWalletHomeAndDashboard" name="mlWalletHomePageIIconValidationAsSemiVerifiedTierUser_HD_TC_22" time="46.244">
    <error message="An element could not be located on the page using the given search parameters.
For documentation on this error, please visit: https://www.seleniumhq.org/exceptions/no_such_element.html
Build info: version: &#039;3.141.59&#039;, revision: &#039;e82be7d358&#039;, time: &#039;2018-11-14T08:17:03&#039;
System info: host: &#039;admins-MacBook-Air.local&#039;, ip: &#039;2401:4900:33d2:ecd1:2428:c566:9cfb:7979%en0&#039;, os.name: &#039;Mac OS X&#039;, os.arch: &#039;x86_64&#039;, os.version: &#039;13.3&#039;, java.version: &#039;17.0.6&#039;
Driver info: io.appium.java_client.ios.IOSDriver
Capabilities {automationName: XCUITest, browserName: , bundleId: com.mlhuillier.mlwallet, commandTimeouts: 300, databaseEnabled: false, deviceName: iOS, javascriptEnabled: true, locationContextEnabled: false, networkConnectionEnabled: false, newCommandTimeout: 300, noReset: false, platform: MAC, platformName: iOS, takesScreenshot: true, udid: 00008120-000668E63AC0C01E, webStorageEnabled: false}
Session ID: 68e3b48b-ecc8-4b57-a8c3-9c7a491d6e72
*** Element info: {Using=xpath, value=//*[@name=&#039;1&#039;]}" type="org.openqa.selenium.NoSuchElementException">
      <![CDATA[org.openqa.selenium.NoSuchElementException: An element could not be located on the page using the given search parameters.
For documentation on this error, please visit: https://www.seleniumhq.org/exceptions/no_such_element.html
Build info: version: '3.141.59', revision: 'e82be7d358', time: '2018-11-14T08:17:03'
System info: host: 'admins-MacBook-Air.local', ip: '2401:4900:33d2:ecd1:2428:c566:9cfb:7979%en0', os.name: 'Mac OS X', os.arch: 'x86_64', os.version: '13.3', java.version: '17.0.6'
Driver info: io.appium.java_client.ios.IOSDriver
Capabilities {automationName: XCUITest, browserName: , bundleId: com.mlhuillier.mlwallet, commandTimeouts: 300, databaseEnabled: false, deviceName: iOS, javascriptEnabled: true, locationContextEnabled: false, networkConnectionEnabled: false, newCommandTimeout: 300, noReset: false, platform: MAC, platformName: iOS, takesScreenshot: true, udid: 00008120-000668E63AC0C01E, webStorageEnabled: false}
Session ID: 68e3b48b-ecc8-4b57-a8c3-9c7a491d6e72
*** Element info: {Using=xpath, value=//*[@name='1']}
at jdk.internal.reflect.GeneratedConstructorAccessor20.newInstance(Unknown Source)
at java.base/jdk.internal.reflect.DelegatingConstructorAccessorImpl.newInstance(DelegatingConstructorAccessorImpl.java:45)
at java.base/java.lang.reflect.Constructor.newInstanceWithCaller(Constructor.java:499)
at java.base/java.lang.reflect.Constructor.newInstance(Constructor.java:480)
at org.openqa.selenium.remote.http.W3CHttpResponseCodec.createException(W3CHttpResponseCodec.java:187)
at org.openqa.selenium.remote.http.W3CHttpResponseCodec.decode(W3CHttpResponseCodec.java:122)
at org.openqa.selenium.remote.http.W3CHttpResponseCodec.decode(W3CHttpResponseCodec.java:49)
at org.openqa.selenium.remote.HttpCommandExecutor.execute(HttpCommandExecutor.java:158)
at io.appium.java_client.remote.AppiumCommandExecutor.execute(AppiumCommandExecutor.java:239)
at org.openqa.selenium.remote.RemoteWebDriver.execute(RemoteWebDriver.java:552)
at io.appium.java_client.DefaultGenericMobileDriver.execute(DefaultGenericMobileDriver.java:41)
at io.appium.java_client.AppiumDriver.execute(AppiumDriver.java:1)
at io.appium.java_client.ios.IOSDriver.execute(IOSDriver.java:1)
at org.openqa.selenium.remote.RemoteWebDriver.findElement(RemoteWebDriver.java:323)
at io.appium.java_client.DefaultGenericMobileDriver.findElement(DefaultGenericMobileDriver.java:61)
at io.appium.java_client.AppiumDriver.findElement(AppiumDriver.java:1)
at io.appium.java_client.ios.IOSDriver.findElement(IOSDriver.java:1)
at org.openqa.selenium.remote.RemoteWebDriver.findElementByXPath(RemoteWebDriver.java:428)
at io.appium.java_client.DefaultGenericMobileDriver.findElementByXPath(DefaultGenericMobileDriver.java:151)
at io.appium.java_client.AppiumDriver.findElementByXPath(AppiumDriver.java:1)
at io.appium.java_client.ios.IOSDriver.findElementByXPath(IOSDriver.java:1)
at org.openqa.selenium.By$ByXPath.findElement(By.java:353)
at org.openqa.selenium.remote.RemoteWebDriver.findElement(RemoteWebDriver.java:315)
at io.appium.java_client.DefaultGenericMobileDriver.findElement(DefaultGenericMobileDriver.java:57)
at io.appium.java_client.AppiumDriver.findElement(AppiumDriver.java:1)
at io.appium.java_client.ios.IOSDriver.findElement(IOSDriver.java:1)
at com.utility.Utilities.getTextVal(Utilities.java:3441)
at com.business.mlwallet.MLWalletiOSBusinessLogic.handleMpin(MLWalletiOSBusinessLogic.java:10577)
at com.business.mlwallet.MLWalletiOSBusinessLogic.enterOTP(MLWalletiOSBusinessLogic.java:235)
at com.business.mlwallet.MLWalletiOSBusinessLogic.mlWalletLogin(MLWalletiOSBusinessLogic.java:262)
at com.business.mlwallet.MLWalletiOSBusinessLogic.mlWalletHomePageIIconValidationAsSemiVerifiedTierUser_HD_TC_22(MLWalletiOSBusinessLogic.java:6973)
at com.mlwallet.ios_scripts.MLWalletHomeAndDashboard.mlWalletHomePageIIconValidationAsSemiVerifiedTierUser_HD_TC_22(MLWalletHomeAndDashboard.java:130)
at java.base/jdk.internal.reflect.NativeMethodAccessorImpl.invoke0(Native Method)
at java.base/jdk.internal.reflect.NativeMethodAccessorImpl.invoke(NativeMethodAccessorImpl.java:77)
at java.base/jdk.internal.reflect.DelegatingMethodAccessorImpl.invoke(DelegatingMethodAccessorImpl.java:43)
at java.base/java.lang.reflect.Method.invoke(Method.java:568)
at org.testng.internal.invokers.MethodInvocationHelper.invokeMethod(MethodInvocationHelper.java:139)
at org.testng.internal.invokers.TestInvoker.invokeMethod(TestInvoker.java:677)
at org.testng.internal.invokers.TestInvoker.invokeTestMethod(TestInvoker.java:221)
at org.testng.internal.invokers.MethodRunner.runInSequence(MethodRunner.java:50)
at org.testng.internal.invokers.TestInvoker$MethodInvocationAgent.invoke(TestInvoker.java:969)
at org.testng.internal.invokers.TestInvoker.invokeTestMethods(TestInvoker.java:194)
at org.testng.internal.invokers.TestMethodWorker.invokeTestMethods(TestMethodWorker.java:148)
at org.testng.internal.invokers.TestMethodWorker.run(TestMethodWorker.java:128)
at java.base/java.util.ArrayList.forEach(ArrayList.java:1511)
at org.testng.TestRunner.privateRun(TestRunner.java:829)
at org.testng.TestRunner.run(TestRunner.java:602)
at org.testng.SuiteRunner.runTest(SuiteRunner.java:437)
at org.testng.SuiteRunner.runSequentially(SuiteRunner.java:431)
at org.testng.SuiteRunner.privateRun(SuiteRunner.java:391)
at org.testng.SuiteRunner.run(SuiteRunner.java:330)
at org.testng.SuiteRunnerWorker.runSuite(SuiteRunnerWorker.java:52)
at org.testng.SuiteRunnerWorker.run(SuiteRunnerWorker.java:95)
at org.testng.TestNG.runSuitesSequentially(TestNG.java:1256)
at org.testng.TestNG.runSuitesLocally(TestNG.java:1176)
at org.testng.TestNG.runSuites(TestNG.java:1099)
at org.testng.TestNG.run(TestNG.java:1067)
at org.testng.remote.AbstractRemoteTestNG.run(AbstractRemoteTestNG.java:115)
at org.testng.remote.RemoteTestNG.initAndRun(RemoteTestNG.java:251)
at org.testng.remote.RemoteTestNG.main(RemoteTestNG.java:77)
]]>
    </error>
  </testcase> <!-- mlWalletHomePageIIconValidationAsSemiVerifiedTierUser_HD_TC_22 -->
  <system-out/>
  <testcase classname="com.mlwallet.ios_scripts.MLWalletHomeAndDashboard" name="mlWalletHomePageIIconValidationAsFullyVerifiedTierUser_HD_TC_23" time="45.950">
    <error message="An element could not be located on the page using the given search parameters.
For documentation on this error, please visit: https://www.seleniumhq.org/exceptions/no_such_element.html
Build info: version: &#039;3.141.59&#039;, revision: &#039;e82be7d358&#039;, time: &#039;2018-11-14T08:17:03&#039;
System info: host: &#039;admins-MacBook-Air.local&#039;, ip: &#039;2401:4900:33d2:ecd1:2428:c566:9cfb:7979%en0&#039;, os.name: &#039;Mac OS X&#039;, os.arch: &#039;x86_64&#039;, os.version: &#039;13.3&#039;, java.version: &#039;17.0.6&#039;
Driver info: io.appium.java_client.ios.IOSDriver
Capabilities {automationName: XCUITest, browserName: , bundleId: com.mlhuillier.mlwallet, commandTimeouts: 300, databaseEnabled: false, deviceName: iOS, javascriptEnabled: true, locationContextEnabled: false, networkConnectionEnabled: false, newCommandTimeout: 300, noReset: false, platform: MAC, platformName: iOS, takesScreenshot: true, udid: 00008120-000668E63AC0C01E, webStorageEnabled: false}
Session ID: 68e3b48b-ecc8-4b57-a8c3-9c7a491d6e72
*** Element info: {Using=xpath, value=//*[@name=&#039;1&#039;]}" type="org.openqa.selenium.NoSuchElementException">
      <![CDATA[org.openqa.selenium.NoSuchElementException: An element could not be located on the page using the given search parameters.
For documentation on this error, please visit: https://www.seleniumhq.org/exceptions/no_such_element.html
Build info: version: '3.141.59', revision: 'e82be7d358', time: '2018-11-14T08:17:03'
System info: host: 'admins-MacBook-Air.local', ip: '2401:4900:33d2:ecd1:2428:c566:9cfb:7979%en0', os.name: 'Mac OS X', os.arch: 'x86_64', os.version: '13.3', java.version: '17.0.6'
Driver info: io.appium.java_client.ios.IOSDriver
Capabilities {automationName: XCUITest, browserName: , bundleId: com.mlhuillier.mlwallet, commandTimeouts: 300, databaseEnabled: false, deviceName: iOS, javascriptEnabled: true, locationContextEnabled: false, networkConnectionEnabled: false, newCommandTimeout: 300, noReset: false, platform: MAC, platformName: iOS, takesScreenshot: true, udid: 00008120-000668E63AC0C01E, webStorageEnabled: false}
Session ID: 68e3b48b-ecc8-4b57-a8c3-9c7a491d6e72
*** Element info: {Using=xpath, value=//*[@name='1']}
at jdk.internal.reflect.GeneratedConstructorAccessor20.newInstance(Unknown Source)
at java.base/jdk.internal.reflect.DelegatingConstructorAccessorImpl.newInstance(DelegatingConstructorAccessorImpl.java:45)
at java.base/java.lang.reflect.Constructor.newInstanceWithCaller(Constructor.java:499)
at java.base/java.lang.reflect.Constructor.newInstance(Constructor.java:480)
at org.openqa.selenium.remote.http.W3CHttpResponseCodec.createException(W3CHttpResponseCodec.java:187)
at org.openqa.selenium.remote.http.W3CHttpResponseCodec.decode(W3CHttpResponseCodec.java:122)
at org.openqa.selenium.remote.http.W3CHttpResponseCodec.decode(W3CHttpResponseCodec.java:49)
at org.openqa.selenium.remote.HttpCommandExecutor.execute(HttpCommandExecutor.java:158)
at io.appium.java_client.remote.AppiumCommandExecutor.execute(AppiumCommandExecutor.java:239)
at org.openqa.selenium.remote.RemoteWebDriver.execute(RemoteWebDriver.java:552)
at io.appium.java_client.DefaultGenericMobileDriver.execute(DefaultGenericMobileDriver.java:41)
at io.appium.java_client.AppiumDriver.execute(AppiumDriver.java:1)
at io.appium.java_client.ios.IOSDriver.execute(IOSDriver.java:1)
at org.openqa.selenium.remote.RemoteWebDriver.findElement(RemoteWebDriver.java:323)
at io.appium.java_client.DefaultGenericMobileDriver.findElement(DefaultGenericMobileDriver.java:61)
at io.appium.java_client.AppiumDriver.findElement(AppiumDriver.java:1)
at io.appium.java_client.ios.IOSDriver.findElement(IOSDriver.java:1)
at org.openqa.selenium.remote.RemoteWebDriver.findElementByXPath(RemoteWebDriver.java:428)
at io.appium.java_client.DefaultGenericMobileDriver.findElementByXPath(DefaultGenericMobileDriver.java:151)
at io.appium.java_client.AppiumDriver.findElementByXPath(AppiumDriver.java:1)
at io.appium.java_client.ios.IOSDriver.findElementByXPath(IOSDriver.java:1)
at org.openqa.selenium.By$ByXPath.findElement(By.java:353)
at org.openqa.selenium.remote.RemoteWebDriver.findElement(RemoteWebDriver.java:315)
at io.appium.java_client.DefaultGenericMobileDriver.findElement(DefaultGenericMobileDriver.java:57)
at io.appium.java_client.AppiumDriver.findElement(AppiumDriver.java:1)
at io.appium.java_client.ios.IOSDriver.findElement(IOSDriver.java:1)
at com.utility.Utilities.getTextVal(Utilities.java:3441)
at com.business.mlwallet.MLWalletiOSBusinessLogic.handleMpin(MLWalletiOSBusinessLogic.java:10577)
at com.business.mlwallet.MLWalletiOSBusinessLogic.enterOTP(MLWalletiOSBusinessLogic.java:235)
at com.business.mlwallet.MLWalletiOSBusinessLogic.mlWalletLogin(MLWalletiOSBusinessLogic.java:262)
at com.business.mlwallet.MLWalletiOSBusinessLogic.mlWalletHomePageIIconValidationAsFullyVerifiedTierUser_HD_TC_23(MLWalletiOSBusinessLogic.java:7003)
at com.mlwallet.ios_scripts.MLWalletHomeAndDashboard.mlWalletHomePageIIconValidationAsFullyVerifiedTierUser_HD_TC_23(MLWalletHomeAndDashboard.java:135)
at java.base/jdk.internal.reflect.NativeMethodAccessorImpl.invoke0(Native Method)
at java.base/jdk.internal.reflect.NativeMethodAccessorImpl.invoke(NativeMethodAccessorImpl.java:77)
at java.base/jdk.internal.reflect.DelegatingMethodAccessorImpl.invoke(DelegatingMethodAccessorImpl.java:43)
at java.base/java.lang.reflect.Method.invoke(Method.java:568)
at org.testng.internal.invokers.MethodInvocationHelper.invokeMethod(MethodInvocationHelper.java:139)
at org.testng.internal.invokers.TestInvoker.invokeMethod(TestInvoker.java:677)
at org.testng.internal.invokers.TestInvoker.invokeTestMethod(TestInvoker.java:221)
at org.testng.internal.invokers.MethodRunner.runInSequence(MethodRunner.java:50)
at org.testng.internal.invokers.TestInvoker$MethodInvocationAgent.invoke(TestInvoker.java:969)
at org.testng.internal.invokers.TestInvoker.invokeTestMethods(TestInvoker.java:194)
at org.testng.internal.invokers.TestMethodWorker.invokeTestMethods(TestMethodWorker.java:148)
at org.testng.internal.invokers.TestMethodWorker.run(TestMethodWorker.java:128)
at java.base/java.util.ArrayList.forEach(ArrayList.java:1511)
at org.testng.TestRunner.privateRun(TestRunner.java:829)
at org.testng.TestRunner.run(TestRunner.java:602)
at org.testng.SuiteRunner.runTest(SuiteRunner.java:437)
at org.testng.SuiteRunner.runSequentially(SuiteRunner.java:431)
at org.testng.SuiteRunner.privateRun(SuiteRunner.java:391)
at org.testng.SuiteRunner.run(SuiteRunner.java:330)
at org.testng.SuiteRunnerWorker.runSuite(SuiteRunnerWorker.java:52)
at org.testng.SuiteRunnerWorker.run(SuiteRunnerWorker.java:95)
at org.testng.TestNG.runSuitesSequentially(TestNG.java:1256)
at org.testng.TestNG.runSuitesLocally(TestNG.java:1176)
at org.testng.TestNG.runSuites(TestNG.java:1099)
at org.testng.TestNG.run(TestNG.java:1067)
at org.testng.remote.AbstractRemoteTestNG.run(AbstractRemoteTestNG.java:115)
at org.testng.remote.RemoteTestNG.initAndRun(RemoteTestNG.java:251)
at org.testng.remote.RemoteTestNG.main(RemoteTestNG.java:77)
]]>
    </error>
  </testcase> <!-- mlWalletHomePageIIconValidationAsFullyVerifiedTierUser_HD_TC_23 -->
  <system-out/>
</testsuite> <!-- com.mlwallet.ios_scripts.MLWalletHomeAndDashboard -->
