<?xml version="1.0" encoding="UTF-8"?>
<!-- Generated by org.testng.reporters.JUnitReportReporter -->
<testsuite hostname="admins-MacBook-Air.local" failures="0" tests="1" name="com.mlwallet.ios_scripts.MLWalletUseQR" time="255.712" errors="0" timestamp="2023-07-21T16:27:29 IST" skipped="0">
  <testcase classname="com.mlwallet.ios_scripts.MLWalletUseQR" name="useQR_WalletToWalletReceivedMoneyValidation_QR_TC_04" time="255.712"/>
  <system-out/>
</testsuite> <!-- com.mlwallet.ios_scripts.MLWalletUseQR -->
