<?xml version="1.0" encoding="UTF-8"?>
<!-- Generated by org.testng.reporters.JUnitReportReporter -->
<testsuite hostname="admins-MacBook-Air.local" failures="0" tests="1" name="com.mlwallet.ios_scripts.MLWalletSendTransferToAnyMLBranchScripts" time="66.217" errors="0" timestamp="2023-06-21T16:26:46 IST" skipped="0">
  <testcase classname="com.mlwallet.ios_scripts.MLWalletSendTransferToAnyMLBranchScripts" name="kwartaPadalaRates_STB_TC_35" time="66.217"/>
</testsuite> <!-- com.mlwallet.ios_scripts.MLWalletSendTransferToAnyMLBranchScripts -->
