<?xml version="1.0" encoding="UTF-8"?>
<!-- Generated by org.testng.reporters.JUnitReportReporter -->
<testsuite hostname="admins-MacBook-Air.local" failures="0" tests="1" name="com.mlwallet.ios_scripts.MLWalletCashInViaBankScripts" time="75.204" errors="0" timestamp="2023-08-02T12:53:41 IST" skipped="0">
  <testcase classname="com.mlwallet.ios_scripts.MLWalletCashInViaBankScripts" name="cashInViaBankBuyerTierLevel_CIBA_TC_24" time="75.204"/>
  <system-out/>
</testsuite> <!-- com.mlwallet.ios_scripts.MLWalletCashInViaBankScripts -->
