<?xml version="1.0" encoding="UTF-8"?>
<!-- Generated by org.testng.reporters.JUnitReportReporter -->
<testsuite hostname="admins-MacBook-Air.local" failures="0" tests="7" name="com.mlwallet.ios_scripts.MLWalletLogoutScripts" time="365.035" errors="0" timestamp="2023-06-27T15:15:31 IST" skipped="0">
  <testcase classname="com.mlwallet.ios_scripts.MLWalletLogoutScripts" name="logOutMinimizeAndRelaunch_Lout_TC_03" time="55.976"/>
  <system-out/>
  <testcase classname="com.mlwallet.ios_scripts.MLWalletLogoutScripts" name="logOutAppKillAndRelaunch" time="45.017"/>
  <system-out/>
  <testcase classname="com.mlwallet.ios_scripts.MLWalletLogoutScripts" name="logOUtPopUpValidation_Lout_TC_05" time="36.594"/>
  <system-out/>
  <testcase classname="com.mlwallet.ios_scripts.MLWalletLogoutScripts" name="logOutPopUpCancelBtnValidation_Lout_TC_06" time="49.515"/>
  <system-out/>
  <testcase classname="com.mlwallet.ios_scripts.MLWalletLogoutScripts" name="logOutPopUpLogOutBtnValidation_Lout_TC_07" time="48.429"/>
  <system-out/>
  <testcase classname="com.mlwallet.ios_scripts.MLWalletLogoutScripts" name="logoutChangeNumberUIValidation_Lout_TC_08" time="46.264"/>
  <system-out/>
  <testcase classname="com.mlwallet.ios_scripts.MLWalletLogoutScripts" name="logInWithChangeNumber_Lout_TC_09" time="83.240"/>
  <system-out/>
</testsuite> <!-- com.mlwallet.ios_scripts.MLWalletLogoutScripts -->
