<?xml version="1.0" encoding="UTF-8"?>
<!-- Generated by org.testng.reporters.JUnitReportReporter -->
<testsuite hostname="IGSs-MacBook-Pro-2.local" name="com.mlwallet.ios_scripts.MLWalletCashOutWithdrawScripts" tests="2" failures="0" timestamp="31 May 2023 14:13:16 GMT" time="155.832" errors="0">
  <testcase name="cashOutOTPPageBackBtnValidation_WM_TC_21" time="14.486" classname="com.mlwallet.ios_scripts.MLWalletCashOutWithdrawScripts"/>
  <testcase name="cashOutOTPPageUIValidation_WM_TC_20" time="141.346" classname="com.mlwallet.ios_scripts.MLWalletCashOutWithdrawScripts"/>
</testsuite> <!-- com.mlwallet.ios_scripts.MLWalletCashOutWithdrawScripts -->
