<?xml version="1.0" encoding="UTF-8"?>
<!-- Generated by org.testng.reporters.JUnitReportReporter -->
<testsuite hostname="IGSs-MacBook-Pro-2.local" name="com.mlwallet.ios_scripts.MLWalletSettingScripts" tests="1" failures="0" timestamp="8 Jun 2023 08:37:01 GMT" time="67.910" errors="0">
  <testcase name="settingsDeleteAccountCancelBtnValidation_SS_TC_18" time="67.910" classname="com.mlwallet.ios_scripts.MLWalletSettingScripts"/>
</testsuite> <!-- com.mlwallet.ios_scripts.MLWalletSettingScripts -->
