<?xml version="1.0" encoding="UTF-8"?>
<!-- Generated by org.testng.reporters.JUnitReportReporter -->
<testsuite hostname="IGSs-MacBook-Pro-2.local" name="com.mlwallet.ios_scripts.MLWalletHomeAndDashboard" tests="2" failures="0" timestamp="6 Jun 2023 08:04:17 GMT" time="83.074" errors="0">
  <testcase name="mlWalletHamburgerMenuTransactionBtnValidation_HD_TC_19" time="42.091" classname="com.mlwallet.ios_scripts.MLWalletHomeAndDashboard"/>
  <testcase name="mlWalletHomePageIIconValidationAsFullyVerifiedTierUser_HD_TC_23" time="40.983" classname="com.mlwallet.ios_scripts.MLWalletHomeAndDashboard"/>
</testsuite> <!-- com.mlwallet.ios_scripts.MLWalletHomeAndDashboard -->
