<?xml version="1.0" encoding="UTF-8"?>
<!-- Generated by org.testng.reporters.JUnitReportReporter -->
<testsuite hostname="admins-MacBook-Air.local" failures="0" tests="5" name="com.mlwallet.ios_scripts.MLWalletSendTransferToMLWalletUserScripts" time="681.085" errors="0" timestamp="2023-08-08T16:03:24 IST" skipped="0">
  <testcase classname="com.mlwallet.ios_scripts.MLWalletSendTransferToMLWalletUserScripts" name="sendMoneyToMLWalletInOTPPopupValidation_STW_TC_63" time="120.472"/>
  <system-out/>
  <testcase classname="com.mlwallet.ios_scripts.MLWalletSendTransferToMLWalletUserScripts" name="sendMoneyToMLWalletTransactionInAppOTPPopupUIValidation_STW_TC_64" time="121.914"/>
  <system-out/>
  <testcase classname="com.mlwallet.ios_scripts.MLWalletSendTransferToMLWalletUserScripts" name="sendMoneyToMLWalletTransactionNewOTPAfterSixtySecondsValidation_STW_TC_65" time="188.910"/>
  <system-out/>
  <testcase classname="com.mlwallet.ios_scripts.MLWalletSendTransferToMLWalletUserScripts" name="sendMoneyToMLWalletTransactionOTPCancelBtnFunctionality_STW_TC_66" time="123.174"/>
  <system-out/>
  <testcase classname="com.mlwallet.ios_scripts.MLWalletSendTransferToMLWalletUserScripts" name="sendMoneyToMLWalletOTPContinueBtnFunctionality_STW_TC_67" time="126.615"/>
  <system-out/>
</testsuite> <!-- com.mlwallet.ios_scripts.MLWalletSendTransferToMLWalletUserScripts -->
