<?xml version="1.0" encoding="UTF-8"?>
<!-- Generated by org.testng.reporters.JUnitReportReporter -->
<testsuite hostname="IGSs-MacBook-Pro-2.local" name="com.mlwallet.ios_scripts.MLWalletSendTransferToMLWalletUserScripts" tests="1" failures="0" timestamp="6 Jun 2023 06:02:36 GMT" time="195.297" errors="0">
  <testcase name="sendMoneyToMLWalletTransactionValidationAfterMinimizingApp_STW_TC_51" time="195.297" classname="com.mlwallet.ios_scripts.MLWalletSendTransferToMLWalletUserScripts"/>
</testsuite> <!-- com.mlwallet.ios_scripts.MLWalletSendTransferToMLWalletUserScripts -->
