<?xml version="1.0" encoding="UTF-8"?>
<!-- Generated by org.testng.reporters.JUnitReportReporter -->
<testsuite hostname="IGSs-MacBook-Pro-2.local" name="com.mlwallet.ios_scripts.MLWalletRegressionPayBillsScripts" tests="1" failures="0" timestamp="7 Jun 2023 10:32:33 GMT" time="141.439" errors="0">
  <testcase name="payBillsTransactionValidationAfterMinimizingApp_PB_TC_43" time="141.439" classname="com.mlwallet.ios_scripts.MLWalletRegressionPayBillsScripts"/>
</testsuite> <!-- com.mlwallet.ios_scripts.MLWalletRegressionPayBillsScripts -->
