<?xml version="1.0" encoding="UTF-8"?>
<!-- Generated by org.testng.reporters.JUnitReportReporter -->
<testsuite hostname="IGSs-MacBook-Pro-2.local" name="com.mlwallet.ios_scripts.MLWalletCashInViaBankScripts" tests="2" failures="0" timestamp="1 Jun 2023 12:30:32 GMT" time="288.681" errors="0">
  <testcase name="cashInViaBankTransactionDetailsPageUIValidation_CIBA_TC_29" time="201.584" classname="com.mlwallet.ios_scripts.MLWalletCashInViaBankScripts"/>
  <testcase name="cashInViaBankDragonPayChagresPopUpValidation_CIBA_TC_32" time="87.097" classname="com.mlwallet.ios_scripts.MLWalletCashInViaBankScripts"/>
</testsuite> <!-- com.mlwallet.ios_scripts.MLWalletCashInViaBankScripts -->
