<?xml version="1.0" encoding="UTF-8"?>
<!-- Generated by org.testng.reporters.JUnitReportReporter -->
<testsuite hostname="admins-Air" failures="0" tests="7" name="com.mlwallet.ios_scripts.MLWalletLogoutScripts" time="399.062" errors="0" timestamp="2023-08-09T13:08:19 IST" skipped="0">
  <testcase classname="com.mlwallet.ios_scripts.MLWalletLogoutScripts" name="logOutMinimizeAndRelaunch_Lout_TC_03" time="43.282"/>
  <system-out/>
  <testcase classname="com.mlwallet.ios_scripts.MLWalletLogoutScripts" name="logOutAppKillAndRelaunchLout_TC_04" time="49.657"/>
  <system-out/>
  <testcase classname="com.mlwallet.ios_scripts.MLWalletLogoutScripts" name="logOUtPopUpValidation_Lout_TC_05" time="41.968"/>
  <system-out/>
  <testcase classname="com.mlwallet.ios_scripts.MLWalletLogoutScripts" name="logOutPopUpCancelBtnValidation_Lout_TC_06" time="56.594"/>
  <system-out/>
  <testcase classname="com.mlwallet.ios_scripts.MLWalletLogoutScripts" name="logOutPopUpLogOutBtnValidation_Lout_TC_07" time="56.406"/>
  <system-out/>
  <testcase classname="com.mlwallet.ios_scripts.MLWalletLogoutScripts" name="logoutChangeNumberUIValidation_Lout_TC_08" time="58.765"/>
  <system-out/>
  <testcase classname="com.mlwallet.ios_scripts.MLWalletLogoutScripts" name="logInWithChangeNumber_Lout_TC_09" time="92.390"/>
  <system-out/>
</testsuite> <!-- com.mlwallet.ios_scripts.MLWalletLogoutScripts -->
