<?xml version="1.0" encoding="UTF-8"?>
<!-- Generated by org.testng.reporters.JUnitReportReporter -->
<testsuite hostname="admins-MacBook-Air.local" failures="0" tests="9" name="com.mlwallet.ios_scripts.MLWalletTroubleSingingIn" time="424.244" errors="0" timestamp="2023-06-28T10:43:05 IST" skipped="0">
  <testcase classname="com.mlwallet.ios_scripts.MLWalletTroubleSingingIn" name="troubleSigningInPageNavigationFromMpinScreen_TS_TC_01" time="56.987"/>
  <system-out/>
  <testcase classname="com.mlwallet.ios_scripts.MLWalletTroubleSingingIn" name="troubleSigningInPageNavigationFromLoginScreen_TS_TC_10" time="9.931"/>
  <system-out/>
  <testcase classname="com.mlwallet.ios_scripts.MLWalletTroubleSingingIn" name="troubleSigningInPageBackArrowBtnFunctionality_TS_TC_11" time="10.739"/>
  <system-out/>
  <testcase classname="com.mlwallet.ios_scripts.MLWalletTroubleSingingIn" name="troubleSigningInClearFormFunctionality_TS_TC_12" time="45.677"/>
  <system-out/>
  <testcase classname="com.mlwallet.ios_scripts.MLWalletTroubleSingingIn" name="troubleSigningInClearFormButtonOnClearFormPopupFunctionality_TS_TC_13" time="74.010"/>
  <system-out/>
  <testcase classname="com.mlwallet.ios_scripts.MLWalletTroubleSingingIn" name="troubleSigningInCancelButtonOnClearFormPopupFunctionality_TS_TC_14" time="75.534"/>
  <system-out/>
  <testcase classname="com.mlwallet.ios_scripts.MLWalletTroubleSingingIn" name="troubleSigningInEmptyFullNameFunctionality_TS_TC_15" time="50.618"/>
  <system-out/>
  <testcase classname="com.mlwallet.ios_scripts.MLWalletTroubleSingingIn" name="troubleSigningInEmptyRegisteredEmailFunctionality_TS_TC_16" time="49.725"/>
  <system-out/>
  <testcase classname="com.mlwallet.ios_scripts.MLWalletTroubleSingingIn" name="troubleSigningInEmptyRegisteredMobileNumberFunctionality_TS_TC_17" time="51.023"/>
  <system-out/>
</testsuite> <!-- com.mlwallet.ios_scripts.MLWalletTroubleSingingIn -->
