<?xml version="1.0" encoding="UTF-8"?>
<!-- Generated by org.testng.reporters.JUnitReportReporter -->
<testsuite hostname="admins-Air" failures="0" tests="2" name="com.mlwallet.ios_scripts.MLWalletTroubleSingingIn" time="80.655" errors="0" timestamp="2023-08-09T15:57:39 IST" skipped="0">
  <testcase classname="com.mlwallet.ios_scripts.MLWalletTroubleSingingIn" name="troubleSigningInPageNavigationFromMpinScreen_TS_TC_01" time="66.785"/>
  <system-out/>
  <testcase classname="com.mlwallet.ios_scripts.MLWalletTroubleSingingIn" name="troubleSigningInPageBackArrowBtnFunctionality_TS_TC_11" time="13.870"/>
  <system-out/>
</testsuite> <!-- com.mlwallet.ios_scripts.MLWalletTroubleSingingIn -->
