<?xml version="1.0" encoding="UTF-8"?>
<!-- Generated by org.testng.reporters.JUnitReportReporter -->
<testsuite hostname="IGSs-MacBook-Pro-2.local" name="com.mlwallet.ios_scripts.MLWalletLogoutScripts" tests="7" failures="0" timestamp="6 Jun 2023 06:56:51 GMT" time="350.832" errors="0">
  <testcase name="logOUtPopUpValidation_Lout_TC_05" time="34.242" classname="com.mlwallet.ios_scripts.MLWalletLogoutScripts"/>
  <testcase name="logoutChangeNumberUIValidation_Lout_TC_08" time="45.523" classname="com.mlwallet.ios_scripts.MLWalletLogoutScripts"/>
  <testcase name="logInWithChangeNumber_Lout_TC_09" time="82.278" classname="com.mlwallet.ios_scripts.MLWalletLogoutScripts"/>
  <testcase name="logOutMinimizeAndRelaunch_Lout_TC_03" time="50.671" classname="com.mlwallet.ios_scripts.MLWalletLogoutScripts"/>
  <testcase name="logOutAppKillAndRelaunch" time="44.466" classname="com.mlwallet.ios_scripts.MLWalletLogoutScripts"/>
  <testcase name="logOutPopUpLogOutBtnValidation_Lout_TC_07" time="47.298" classname="com.mlwallet.ios_scripts.MLWalletLogoutScripts"/>
  <testcase name="logOutPopUpCancelBtnValidation_Lout_TC_06" time="46.354" classname="com.mlwallet.ios_scripts.MLWalletLogoutScripts"/>
</testsuite> <!-- com.mlwallet.ios_scripts.MLWalletLogoutScripts -->
